#
# There is insufficient memory for the Java Runtime Environment to continue.
# Native memory allocation (mmap) failed to map 268435456 bytes for Failed to commit area from 0x00000000e0000000 to 0x00000000f0000000 of length 268435456.
# Possible reasons:
#   The system is out of physical RAM or swap space
#   The process is running with CompressedOops enabled, and the Java Heap may be blocking the growth of the native heap
# Possible solutions:
#   Reduce memory load on the system
#   Increase physical memory or swap space
#   Check if swap backing store is full
#   Decrease Java heap size (-Xmx/-Xms)
#   Decrease number of Java threads
#   Decrease Java thread stack sizes (-Xss)
#   Set larger code cache with -XX:ReservedCodeCacheSize=
# This output file may be truncated or incomplete.
#
#  Out of Memory Error (./src/hotspot/os/windows/os_windows.cpp:3386), pid=4496, tid=27272
#
# JRE version:  (11.0.18+10) (build )
# Java VM: OpenJDK 64-Bit Server VM (11.0.18+10-LTS, mixed mode, sharing, tiered, compressed oops, g1 gc, windows-amd64)
# No core dump will be written. Minidumps are not enabled by default on client versions of Windows
#

---------------  S U M M A R Y ------------

Command Line: -Dorg.gradle.internal.worker.tmpdir=D:\mac20010\Users\spring-db\build\tmp\test\work -Dorg.gradle.native=false -Xmx512m -Dfile.encoding=UTF-8 -Duser.country=KR -Duser.language=ko -Duser.variant -ea worker.org.gradle.process.internal.worker.GradleWorkerMain 'Gradle Test Executor 15'

Host: Intel(R) Core(TM) i7-7700HQ CPU @ 2.80GHz, 8 cores, 15G,  Windows 10 , 64 bit Build 18362 (10.0.18362.1500)
Time: Fri Aug  4 20:41:11 2023 대한민국 표준시 elapsed time: 0.027812 seconds (0d 0h 0m 0s)

---------------  T H R E A D  ---------------

Current thread (0x000001fa25d55000):  JavaThread "Unknown thread" [_thread_in_vm, id=27272, stack(0x0000008d28100000,0x0000008d28200000)]

Stack: [0x0000008d28100000,0x0000008d28200000]
Native frames: (J=compiled Java code, j=interpreted, Vv=VM code, C=native code)
V  [jvm.dll+0x622d9a]
V  [jvm.dll+0x7b0289]
V  [jvm.dll+0x7b1978]
V  [jvm.dll+0x7b2053]
V  [jvm.dll+0x24fe08]
V  [jvm.dll+0x6200aa]
V  [jvm.dll+0x614665]
V  [jvm.dll+0x30a3ec]
V  [jvm.dll+0x30a272]
V  [jvm.dll+0x30ef86]
V  [jvm.dll+0x35552f]
V  [jvm.dll+0x354f60]
V  [jvm.dll+0x2e7408]
V  [jvm.dll+0x2e8566]
V  [jvm.dll+0x78a0d7]
V  [jvm.dll+0x78b85f]
V  [jvm.dll+0x362279]
V  [jvm.dll+0x76d040]
V  [jvm.dll+0x3d0bbf]
V  [jvm.dll+0x3d2f51]
C  [jli.dll+0x5207]
C  [ucrtbase.dll+0x210b2]
C  [KERNEL32.DLL+0x17c24]
C  [ntdll.dll+0x6d721]


---------------  P R O C E S S  ---------------

Threads class SMR info:
_java_thread_list=0x000001fa23bf76d0, length=0, elements={
}

Java Threads: ( => current thread )

Other Threads:
  0x000001fa25d6f800 GCTaskThread "GC Thread#0" [stack: 0x0000008d28200000,0x0000008d28300000] [id=7808]
  0x000001fa25d82800 ConcurrentGCThread "G1 Main Marker" [stack: 0x0000008d28300000,0x0000008d28400000] [id=20860]
  0x000001fa25d83800 ConcurrentGCThread "G1 Conc#0" [stack: 0x0000008d28400000,0x0000008d28500000] [id=18932]

[error occurred during error reporting (printing all threads), id 0xc0000005, EXCEPTION_ACCESS_VIOLATION (0xc0000005) at pc=0x00007ff815fd6bd7]

VM state:not at safepoint (not fully initialized)

VM Mutex/Monitor currently owned by a thread:  ([mutex/lock_event])
[0x000001fa25d511b0] Heap_lock - owner thread: 0x000001fa25d55000

Heap address: 0x00000000e0000000, size: 512 MB, Compressed Oops mode: Non-zero based: 0x00000000e0000000
Narrow klass base: 0x0000000000000000, Narrow klass shift: 0

GC Heap History (0 events):
No events

Deoptimization events (0 events):
No events

Classes redefined (0 events):
No events

Internal exceptions (0 events):
No events

Events (1 events):
Event: 0.020 Loaded shared library C:\Users\mac20\.jdks\corretto-11.0.18\bin\zip.dll


Dynamic libraries:
0x00007ff60d730000 - 0x00007ff60d73d000 	C:\Users\mac20\.jdks\corretto-11.0.18\bin\java.exe
0x00007ff873340000 - 0x00007ff873530000 	C:\WINDOWS\SYSTEM32\ntdll.dll
0x00007ff872590000 - 0x00007ff872642000 	C:\WINDOWS\System32\KERNEL32.DLL
0x00007ff870c30000 - 0x00007ff870ed5000 	C:\WINDOWS\System32\KERNELBASE.dll
0x00007ff870f40000 - 0x00007ff87103a000 	C:\WINDOWS\System32\ucrtbase.dll
0x00007ff864cb0000 - 0x00007ff864cc9000 	C:\Users\mac20\.jdks\corretto-11.0.18\bin\VCRUNTIME140.dll
0x00007ff867990000 - 0x00007ff8679a7000 	C:\Users\mac20\.jdks\corretto-11.0.18\bin\jli.dll
0x00007ff8713f0000 - 0x00007ff871584000 	C:\WINDOWS\System32\USER32.dll
0x00007ff871230000 - 0x00007ff871251000 	C:\WINDOWS\System32\win32u.dll
0x00007ff871590000 - 0x00007ff8715b6000 	C:\WINDOWS\System32\GDI32.dll
0x00007ff871040000 - 0x00007ff8711d8000 	C:\WINDOWS\System32\gdi32full.dll
0x00007ff870b90000 - 0x00007ff870c2e000 	C:\WINDOWS\System32\msvcp_win.dll
0x00007ff863980000 - 0x00007ff863c04000 	C:\WINDOWS\WinSxS\amd64_microsoft.windows.common-controls_6595b64144ccf1df_6.0.18362.1556_none_9e7e372fe45e41d5\COMCTL32.dll
0x00007ff873100000 - 0x00007ff87319e000 	C:\WINDOWS\System32\msvcrt.dll
0x00007ff872830000 - 0x00007ff872b66000 	C:\WINDOWS\System32\combase.dll
0x00007ff872fe0000 - 0x00007ff8730ff000 	C:\WINDOWS\System32\RPCRT4.dll
0x00007ff8702b0000 - 0x00007ff870331000 	C:\WINDOWS\System32\bcryptPrimitives.dll
0x00007ff8716f0000 - 0x00007ff87171e000 	C:\WINDOWS\System32\IMM32.DLL
0x00007ff85b2d0000 - 0x00007ff85b36b000 	C:\Users\mac20\.jdks\corretto-11.0.18\bin\msvcp140.dll
0x00007ff815ce0000 - 0x00007ff81686a000 	C:\Users\mac20\.jdks\corretto-11.0.18\bin\server\jvm.dll
0x00007ff8722a0000 - 0x00007ff872343000 	C:\WINDOWS\System32\ADVAPI32.dll
0x00007ff871730000 - 0x00007ff8717c7000 	C:\WINDOWS\System32\sechost.dll
0x00007ff872580000 - 0x00007ff872588000 	C:\WINDOWS\System32\PSAPI.DLL
0x00007ff86c720000 - 0x00007ff86c744000 	C:\WINDOWS\SYSTEM32\WINMM.dll
0x00007ff868e50000 - 0x00007ff868e5a000 	C:\WINDOWS\SYSTEM32\VERSION.dll
0x00007ff851210000 - 0x00007ff851219000 	C:\WINDOWS\SYSTEM32\WSOCK32.dll
0x00007ff871970000 - 0x00007ff8719df000 	C:\WINDOWS\System32\WS2_32.dll
0x00007ff86c6f0000 - 0x00007ff86c71d000 	C:\WINDOWS\SYSTEM32\winmmbase.dll
0x00007ff8711e0000 - 0x00007ff87122a000 	C:\WINDOWS\System32\cfgmgr32.dll
0x00007ff870200000 - 0x00007ff870211000 	C:\WINDOWS\System32\kernel.appcore.dll
0x00007ff86a170000 - 0x00007ff86a180000 	C:\Users\mac20\.jdks\corretto-11.0.18\bin\verify.dll
0x00007ff86ea60000 - 0x00007ff86ec54000 	C:\WINDOWS\SYSTEM32\DBGHELP.DLL
0x00007ff853560000 - 0x00007ff85358a000 	C:\WINDOWS\SYSTEM32\dbgcore.DLL
0x00007ff863ec0000 - 0x00007ff863ee8000 	C:\Users\mac20\.jdks\corretto-11.0.18\bin\java.dll
0x00007ff867730000 - 0x00007ff86773a000 	C:\Users\mac20\.jdks\corretto-11.0.18\bin\jimage.dll
0x00007ff8642a0000 - 0x00007ff8642b8000 	C:\Users\mac20\.jdks\corretto-11.0.18\bin\zip.dll

dbghelp: loaded successfully - version: 4.0.5 - missing functions: none
symbol engine: initialized successfully - sym options: 0x614 - pdb path: .;C:\Users\mac20\.jdks\corretto-11.0.18\bin;C:\WINDOWS\SYSTEM32;C:\WINDOWS\WinSxS\amd64_microsoft.windows.common-controls_6595b64144ccf1df_6.0.18362.1556_none_9e7e372fe45e41d5;C:\Users\mac20\.jdks\corretto-11.0.18\bin\server

VM Arguments:
jvm_args: -Dorg.gradle.internal.worker.tmpdir=D:\mac20010\Users\spring-db\build\tmp\test\work -Dorg.gradle.native=false -Xmx512m -Dfile.encoding=UTF-8 -Duser.country=KR -Duser.language=ko -Duser.variant -ea 
java_command: worker.org.gradle.process.internal.worker.GradleWorkerMain 'Gradle Test Executor 15'
java_class_path (initial): C:\\Users\\mac20\\.gradle\\caches\\8.2.1\\workerMain\\gradle-worker.jar;D:\\mac20010\\Users\\spring-db\\build\\classes\\java\\test;D:\\mac20010\\Users\\spring-db\\build\\classes\\java\\main;D:\\mac20010\\Users\\spring-db\\build\\resources\\main;C:\\Users\\mac20\\.gradle\\caches\\modules-2\\files-2.1\\org.springframework.boot\\spring-boot-starter-jdbc\\2.7.14\\80b80408b6b75ce0dc2833cb07fd1ce6620d1f3b\\spring-boot-starter-jdbc-2.7.14.jar;C:\\Users\\mac20\\.gradle\\caches\\modules-2\\files-2.1\\com.h2database\\h2\\2.1.214\\d5c2005c9e3279201e12d4776c948578b16bf8b2\\h2-2.1.214.jar;C:\\Users\\mac20\\.gradle\\caches\\modules-2\\files-2.1\\org.springframework.boot\\spring-boot-starter-test\\2.7.14\\271dd314bbd13c71e45e8001cb7bb22e3495da83\\spring-boot-starter-test-2.7.14.jar;C:\\Users\\mac20\\.gradle\\caches\\modules-2\\files-2.1\\org.springframework.boot\\spring-boot-starter\\2.7.14\\5506200907ff3c3458506a8e16866c684f28bdbd\\spring-boot-starter-2.7.14.jar;C:\\Users\\mac20\\.gradle\\caches\\modules-2\\files-2.1\\com.zaxxer\\HikariCP\\4.0.3\\107cbdf0db6780a065f895ae9d8fbf3bb0e1c21f\\HikariCP-4.0.3.jar;C:\\Users\\mac20\\.gradle\\caches\\modules-2\\files-2.1\\org.springframework\\spring-jdbc\\5.3.29\\25c0b36f780af98b2d3b554e9a6258ac599b6115\\spring-jdbc-5.3.29.jar;C:\\Users\\mac20\\.gradle\\caches\\modules-2\\files-2.1\\org.springframework.boot\\spring-boot-test-autoconfigure\\2.7.14\\18fea4b54ebfe87a91c69fa9931c374f67d20e77\\spring-boot-test-autoconfigure-2.7.14.jar;C:\\Users\\mac20\\.gradle\\caches\\modules-2\\files-2.1\\org.springframework.boot\\spring-boot-test\\2.7.14\\d6bca0cd863734c070c788b8228d8a7200209c5c\\spring-boot-test-2.7.14.jar;C:\\Users\\mac20\\.gradle\\caches\\modules-2\\files-2.1\\com.jayway.jsonpath\\json-path\\2.7.0\\f9d7d9659f2694e61142046ff8a216c047f263e8\\json-path-2.7.0.jar;C:\\Users\\mac20\\.gradle\\caches\\modules-2\\files-2.1\\jakarta.xml.bind\\jakarta.xml.bind-api\\2.3.3\\48e3b9cfc10752fba3521d6511f4165bea951801\\jakarta
Launcher Type: SUN_STANDARD

[Global flags]
     intx CICompilerCount                          = 4                                         {product} {ergonomic}
     uint ConcGCThreads                            = 2                                         {product} {ergonomic}
     uint G1ConcRefinementThreads                  = 8                                         {product} {ergonomic}
   size_t G1HeapRegionSize                         = 1048576                                   {product} {ergonomic}
    uintx GCDrainStackTargetSize                   = 64                                        {product} {ergonomic}
   size_t InitialHeapSize                          = 268435456                                 {product} {ergonomic}
   size_t MarkStackSize                            = 4194304                                   {product} {ergonomic}
   size_t MaxHeapSize                              = 536870912                                 {product} {command line}
   size_t MinHeapDeltaBytes                        = 1048576                                   {product} {ergonomic}
    uintx NonNMethodCodeHeapSize                   = 5836300                                {pd product} {ergonomic}
    uintx NonProfiledCodeHeapSize                  = 122910970                              {pd product} {ergonomic}
    uintx ProfiledCodeHeapSize                     = 122910970                              {pd product} {ergonomic}
    uintx ReservedCodeCacheSize                    = 251658240                              {pd product} {ergonomic}
     bool SegmentedCodeCache                       = true                                      {product} {ergonomic}
     bool UseCompressedClassPointers               = true                                 {lp64_product} {ergonomic}
     bool UseCompressedOops                        = true                                 {lp64_product} {ergonomic}
     bool UseG1GC                                  = true                                      {product} {ergonomic}
     bool UseLargePagesIndividualAllocation        = false                                  {pd product} {ergonomic}

Logging:
Log output configuration:
 #0: stdout all=warning uptime,level,tags
 #1: stderr all=off uptime,level,tags

Environment Variables:
JAVA_HOME=D:\Program Files\Java\jdk1.8.0_251
CLASSPATH=D:\Program Files\Java\jdk1.8.0_251\lib
PATH=C:\Program Files (x86)\Common Files\Oracle\Java\javapath;C:\Tomcat8.5\bin;D:\Oracle\product\11.2.0\dbhome_2\bin;C:\Program Files (x86)\NAT Service;C:\Program Files (x86)\Intel\iCLS Client;D:\Program Files\Java\jdk1.8.0_251\bin;C:\Program Files\Intel\iCLS Client;C:\Windows\system32;C:\Windows;C:\Windows\System32\Wbem;C:\Windows\System32\WindowsPowerShell\v1.0;C:\Program Files (x86)\NVIDIA Corporation\PhysX\Common;c:\Program Files\Intel\WiFi\bin;c:\Program Files\Common Files\Intel\WirelessCommon;C:\Program Files (x86)\Intel\Intel(R) Management Engine Components\DAL;C:\Program Files\Intel\Intel(R) Management Engine Components\DAL;C:\Program Files (x86)\Intel\Intel(R) Management Engine Components\IPT;C:\Program Files\Intel\Intel(R) Management Engine Components\IPT;C:\Program Files\Microsoft SQL Server\110\Tools\Binn;C:\Program Files (x86)\Microsoft SDKs\TypeScript\1.0;C:\Program Files\Microsoft SQL Server\120\Tools\Binn;C:\Program Files (x86)\Windows Kits\10\Windows Performance Toolkit;C:\Program Files\Microsoft SQL Server\130\Tools\Binn;C:\Program Files\dotnet;C:\Program Files (x86)\ESTsoft\ALZip;C:\Program Files (x86)\Common Files\Adobe\AGL;C:\Program Files\Intel\WiFi\bin\;C:\Program Files\Common Files\Intel\WirelessCommon\;C:\Program Files\dotnet\;C:\Program Files\Microsoft SQL Server\130\Tools\Binn\;C:\Program Files\opencv-3.4.0\Mybuild\install\x64\vc15\bin;C:\Users\mac20\AppData\Roaming\Python\Python36\Scripts;C:\Users\mac20\AppData\Roaming\Python\Python36;%USERPROFILE%\.dnx\bin;C:\Program Files\Microsoft DNX\Dnvm\;C:\apache-maven-3.6.3\bin;C:\Program Files (x86)\Yarn\bin\;C:\Program Files\MySQL\MySQL Server 5.7\bin;C:\WINDOWS\system32;C:\WINDOWS;C:\WINDOWS\System32\Wbem;C:\WINDOWS\System32\WindowsPowerShell\v1.0\;C:\WINDOWS\System32\OpenSSH\;C:\Users\mac20\AppData\Roaming\nvm;C:\Program Files\nodejs;C:\Program Files\Bandizip\;C:\Program Files\Git\cmd;C:\Program Files\Docker\Docker\resources\bin;D:\mongosh-1.8.2-win32-x64\mongosh-1.8.2-win32-x64\bin;D:\mongodb\mo
USERNAME=mac20
OS=Windows_NT
PROCESSOR_IDENTIFIER=Intel64 Family 6 Model 158 Stepping 9, GenuineIntel
TMP=C:\Users\mac20\AppData\Local\Temp
TEMP=C:\Users\mac20\AppData\Local\Temp



---------------  S Y S T E M  ---------------

OS: Windows 10 , 64 bit Build 18362 (10.0.18362.1500)
OS uptime: 0 days 23:40 hours
Hyper-V role detected

CPU:total 8 (initial active 8) (4 cores per cpu, 2 threads per core) family 6 model 158 stepping 9 microcode 0xde, cmov, cx8, fxsr, mmx, sse, sse2, sse3, ssse3, sse4.1, sse4.2, popcnt, avx, avx2, aes, clmul, erms, 3dnowpref, lzcnt, ht, tsc, tscinvbit, bmi1, bmi2, adx, fma

Memory: 4k page, system-wide physical 16269M (3687M free)
TotalPageFile size 16269M (AvailPageFile size 261M)
current process WorkingSet (physical memory assigned to process): 9M, peak: 9M
current process commit charge ("private bytes"): 59M, peak: 315M

vm_info: OpenJDK 64-Bit Server VM (11.0.18+10-LTS) for windows-amd64 JRE (11.0.18+10-LTS), built on Jan 10 2023 20:17:52 by "Administrator" with MS VC++ 15.9 (VS2017)

END.
